<?xml version="1.0" encoding="UTF-8"?>
<!-- Generated by org.testng.reporters.JUnitXMLReporter -->
<testsuite ignored="0" hostname="DESKTOP-6OIHPMP" failures="1" tests="1" name="Default test(failed)" time="0.04" errors="0" timestamp="07 Feb 2024 07:54:25 GMT">
  <testcase classname="com.tmb.dpMeth.Sample" name="t1" time="0.009">
    <failure type="java.lang.AssertionError" message="expected [true] but found [false]">
      <![CDATA[java.lang.AssertionError: expected [true] but found [false]
at com.tmb.dpMeth.Sample.t1(Sample.java:35)
... Removed 31 stack frames]]>
    </failure>
  </testcase> <!-- t1 -->
</testsuite> <!-- Default test(failed) -->
