<?xml version="1.0" encoding="UTF-8"?>
<!-- Generated by org.testng.reporters.JUnitXMLReporter -->
<testsuite ignored="0" hostname="DESKTOP-6OIHPMP" failures="0" tests="4" name="Test" time="9.243" errors="0" timestamp="2024-02-14T20:07:29 IST">
  <testcase classname="com.tmb.dpMeth.Sample" name="test2" time="6.187"/>
  <testcase classname="com.tmb.dpMeth.Sample" name="test2" time="6.19"/>
  <testcase classname="com.tmb.dpMeth.Sample" name="test2" time="6.978"/>
  <testcase classname="com.tmb.dpMeth.Sample" name="test2" time="9.204"/>
</testsuite> <!-- Test -->
