<?xml version="1.0" encoding="UTF-8"?>
<testng-results ignored="0" total="4" passed="4" failed="0" skipped="0">
  <reporter-output>
  </reporter-output>
  <suite started-at="2024-02-14T20:07:19 IST" name="Suite" finished-at="2024-02-14T20:07:29 IST" duration-ms="9243">
    <groups>
    </groups>
    <test started-at="2024-02-14T20:07:19 IST" name="Test" finished-at="2024-02-14T20:07:29 IST" duration-ms="9243">
      <class name="com.tmb.dpMeth.Sample">
        <test-method is-config="true" signature="setUp()[pri:0, instance:com.tmb.dpMeth.Sample@78e4deb0]" started-at="2024-02-14T20:07:17 IST" name="setUp" finished-at="2024-02-14T20:07:19 IST" duration-ms="2069" status="PASS">
          <reporter-output>
          </reporter-output>
        </test-method> <!-- setUp -->
        <test-method signature="test2(java.lang.String)[pri:0, instance:com.tmb.dpMeth.Sample@78e4deb0]" started-at="2024-02-14T20:07:20 IST" name="test2" data-provider="dpMeth" finished-at="2024-02-14T20:07:26 IST" duration-ms="6187" status="PASS">
          <params>
            <param index="0">
              <value>
                <![CDATA[https://www.geeksforgeeks.org/]]>
              </value>
            </param>
          </params>
          <reporter-output>
          </reporter-output>
        </test-method> <!-- test2 -->
        <test-method signature="test2(java.lang.String)[pri:0, instance:com.tmb.dpMeth.Sample@78e4deb0]" started-at="2024-02-14T20:07:20 IST" name="test2" data-provider="dpMeth" finished-at="2024-02-14T20:07:26 IST" duration-ms="6978" status="PASS">
          <params>
            <param index="0">
              <value>
                <![CDATA[https://github.com/]]>
              </value>
            </param>
          </params>
          <reporter-output>
          </reporter-output>
        </test-method> <!-- test2 -->
        <test-method signature="test2(java.lang.String)[pri:0, instance:com.tmb.dpMeth.Sample@78e4deb0]" started-at="2024-02-14T20:07:20 IST" name="test2" data-provider="dpMeth" finished-at="2024-02-14T20:07:26 IST" duration-ms="6190" status="PASS">
          <params>
            <param index="0">
              <value>
                <![CDATA[https://www.seleniumeasy.com/]]>
              </value>
            </param>
          </params>
          <reporter-output>
          </reporter-output>
        </test-method> <!-- test2 -->
        <test-method signature="test2(java.lang.String)[pri:0, instance:com.tmb.dpMeth.Sample@78e4deb0]" started-at="2024-02-14T20:07:20 IST" name="test2" data-provider="dpMeth" finished-at="2024-02-14T20:07:29 IST" duration-ms="9204" status="PASS">
          <params>
            <param index="0">
              <value>
                <![CDATA[https://opensource-demo.orangehrmlive.com/web/index.php/auth/login]]>
              </value>
            </param>
          </params>
          <reporter-output>
          </reporter-output>
        </test-method> <!-- test2 -->
        <test-method is-config="true" signature="tearDown()[pri:0, instance:com.tmb.dpMeth.Sample@78e4deb0]" started-at="2024-02-14T20:07:29 IST" name="tearDown" finished-at="2024-02-14T20:07:29 IST" duration-ms="250" status="PASS">
          <reporter-output>
          </reporter-output>
        </test-method> <!-- tearDown -->
      </class> <!-- com.tmb.dpMeth.Sample -->
    </test> <!-- Test -->
  </suite> <!-- Suite -->
</testng-results>
